build/app/intermediates/manifest_merge_blame_file/release/manifest-merger-blame-release-report.txt
1<?xml version="1.0" encoding="utf-8"?>
2<manifest xmlns:android="http://schemas.android.com/apk/res/android"
3    package="com.lazycoder.si_unit_app"
4    android:versionCode="8"
5    android:versionName="1.0.0" >
6
7    <uses-sdk
8        android:minSdkVersion="21"
8-->src\main\AndroidManifest.xml
9        android:targetSdkVersion="30" />
9-->src\main\AndroidManifest.xml
10
11    <uses-permission android:name="android.permission.INTERNET" />
11-->src\main\AndroidManifest.xml:3:5-67
11-->src\main\AndroidManifest.xml:3:22-64
12    <!-- Although the *SdkVersion is captured in gradle build files, this is required for non gradle builds -->
13    <!-- <uses-sdk android:minSdkVersion="14" /> -->
14    <uses-permission android:name="android.permission.ACCESS_NETWORK_STATE" /> <!-- Android package visibility setting -->
14-->[com.google.firebase:firebase-firestore:24.0.0] AndroidManifest.xml:13:5-79
14-->[com.google.firebase:firebase-firestore:24.0.0] AndroidManifest.xml:13:22-76
15    <queries>
15-->[com.google.android.gms:play-services-ads-lite:20.1.0] AndroidManifest.xml:27:5-43:15
16
17        <!-- For browser content -->
18        <intent>
18-->[com.google.android.gms:play-services-ads-lite:20.1.0] AndroidManifest.xml:30:9-36:18
19            <action android:name="android.intent.action.VIEW" />
19-->[com.google.android.gms:play-services-ads-lite:20.1.0] AndroidManifest.xml:31:13-65
19-->[com.google.android.gms:play-services-ads-lite:20.1.0] AndroidManifest.xml:31:21-62
20
21            <category android:name="android.intent.category.BROWSABLE" />
21-->[com.google.android.gms:play-services-ads-lite:20.1.0] AndroidManifest.xml:33:13-74
21-->[com.google.android.gms:play-services-ads-lite:20.1.0] AndroidManifest.xml:33:23-71
22
23            <data android:scheme="https" />
23-->[com.google.android.gms:play-services-ads-lite:20.1.0] AndroidManifest.xml:35:13-44
23-->[com.google.android.gms:play-services-ads-lite:20.1.0] AndroidManifest.xml:35:19-41
24        </intent>
25        <!-- End of browser content -->
26        <!-- For CustomTabsService -->
27        <intent>
27-->[com.google.android.gms:play-services-ads-lite:20.1.0] AndroidManifest.xml:39:9-41:18
28            <action android:name="android.support.customtabs.action.CustomTabsService" />
28-->[com.google.android.gms:play-services-ads-lite:20.1.0] AndroidManifest.xml:40:13-90
28-->[com.google.android.gms:play-services-ads-lite:20.1.0] AndroidManifest.xml:40:21-87
29        </intent>
30        <!-- End of CustomTabsService -->
31    </queries>
32
33    <uses-permission android:name="android.permission.WAKE_LOCK" />
33-->[com.google.android.gms:play-services-measurement-sdk-api:18.0.0] AndroidManifest.xml:25:5-68
33-->[com.google.android.gms:play-services-measurement-sdk-api:18.0.0] AndroidManifest.xml:25:22-65
34    <uses-permission android:name="android.permission.RECEIVE_BOOT_COMPLETED" />
34-->[androidx.work:work-runtime:2.1.0] AndroidManifest.xml:27:5-81
34-->[androidx.work:work-runtime:2.1.0] AndroidManifest.xml:27:22-78
35
36    <application
36-->src\main\AndroidManifest.xml:4:4-45:19
37        android:appComponentFactory="androidx.core.app.CoreComponentFactory"
37-->[androidx.core:core:1.6.0] AndroidManifest.xml:24:18-86
38        android:icon="@mipmap/ic_launcher"
38-->src\main\AndroidManifest.xml:6:9-43
39        android:label="Units"
39-->src\main\AndroidManifest.xml:5:9-30
40        android:roundIcon="@mipmap/ic_launcher_round" >
40-->src\main\AndroidManifest.xml:7:9-54
41        <activity
41-->src\main\AndroidManifest.xml:8:9-36:20
42            android:name="com.lazycoder.si_unit_app.MainActivity"
42-->src\main\AndroidManifest.xml:9:13-41
43            android:configChanges="orientation|keyboardHidden|keyboard|screenSize|smallestScreenSize|locale|layoutDirection|fontScale|screenLayout|density|uiMode"
43-->src\main\AndroidManifest.xml:12:13-163
44            android:hardwareAccelerated="true"
44-->src\main\AndroidManifest.xml:13:13-47
45            android:launchMode="singleTop"
45-->src\main\AndroidManifest.xml:10:13-43
46            android:theme="@style/LaunchTheme"
46-->src\main\AndroidManifest.xml:11:13-47
47            android:windowSoftInputMode="adjustResize" >
47-->src\main\AndroidManifest.xml:14:13-55
48
49            <!--
50                 Specifies an Android theme to apply to this Activity as soon as
51                 the Android process has started. This theme is visible to the user
52                 while the Flutter UI initializes. After that, this theme continues
53                 to determine the Window background behind the Flutter UI.
54            -->
55            <meta-data
55-->src\main\AndroidManifest.xml:19:13-22:17
56                android:name="io.flutter.embedding.android.NormalTheme"
56-->src\main\AndroidManifest.xml:20:15-70
57                android:resource="@style/NormalTheme" />
57-->src\main\AndroidManifest.xml:21:15-52
58            <!--
59                 Displays an Android View that continues showing the launch screen
60                 Drawable until Flutter paints its first frame, then this splash
61                 screen fades out. A splash screen is useful to avoid any visual
62                 gap between the end of Android's launch screen and the painting of
63                 Flutter's first frame.
64            -->
65            <meta-data
65-->src\main\AndroidManifest.xml:28:13-31:17
66                android:name="io.flutter.embedding.android.SplashScreenDrawable"
66-->src\main\AndroidManifest.xml:29:15-79
67                android:resource="@drawable/launch_background" />
67-->src\main\AndroidManifest.xml:30:15-61
68
69            <intent-filter>
69-->src\main\AndroidManifest.xml:32:13-35:29
70                <action android:name="android.intent.action.MAIN" />
70-->src\main\AndroidManifest.xml:33:17-68
70-->src\main\AndroidManifest.xml:33:25-66
71
72                <category android:name="android.intent.category.LAUNCHER" />
72-->src\main\AndroidManifest.xml:34:17-76
72-->src\main\AndroidManifest.xml:34:27-74
73            </intent-filter>
74        </activity>
75        <!--
76             Don't delete the meta-data below.
77             This is used by the Flutter tool to generate GeneratedPluginRegistrant.java
78        -->
79        <meta-data
79-->src\main\AndroidManifest.xml:39:9-41:33
80            android:name="flutterEmbedding"
80-->src\main\AndroidManifest.xml:40:13-44
81            android:value="2" />
81-->src\main\AndroidManifest.xml:41:13-30
82        <meta-data
82-->src\main\AndroidManifest.xml:42:9-44:68
83            android:name="com.google.android.gms.ads.APPLICATION_ID"
83-->src\main\AndroidManifest.xml:43:12-68
84            android:value="ca-app-pub-3940256099942544~3347511713" />
84-->src\main\AndroidManifest.xml:44:12-66
85
86        <service
86-->[:firebase_storage] AndroidManifest.xml:8:9-12:19
87            android:name="com.google.firebase.components.ComponentDiscoveryService"
87-->[:firebase_storage] AndroidManifest.xml:8:18-89
88            android:directBootAware="true"
88-->[com.google.firebase:firebase-common:20.0.0] AndroidManifest.xml:35:13-43
89            android:exported="false" >
89-->[com.google.firebase:firebase-firestore:24.0.0] AndroidManifest.xml:19:13-37
90            <meta-data
90-->[:firebase_storage] AndroidManifest.xml:9:13-11:85
91                android:name="com.google.firebase.components:io.flutter.plugins.firebase.storage.FlutterFirebaseAppRegistrar"
91-->[:firebase_storage] AndroidManifest.xml:10:17-126
92                android:value="com.google.firebase.components.ComponentRegistrar" />
92-->[:firebase_storage] AndroidManifest.xml:11:17-82
93            <meta-data
93-->[:cloud_firestore] AndroidManifest.xml:9:13-11:85
94                android:name="com.google.firebase.components:io.flutter.plugins.firebase.firestore.FlutterFirebaseFirestoreRegistrar"
94-->[:cloud_firestore] AndroidManifest.xml:10:17-134
95                android:value="com.google.firebase.components.ComponentRegistrar" />
95-->[:cloud_firestore] AndroidManifest.xml:11:17-82
96            <meta-data
96-->[:firebase_core] AndroidManifest.xml:9:13-11:85
97                android:name="com.google.firebase.components:io.flutter.plugins.firebase.core.FlutterFirebaseCoreRegistrar"
97-->[:firebase_core] AndroidManifest.xml:10:17-124
98                android:value="com.google.firebase.components.ComponentRegistrar" />
98-->[:firebase_core] AndroidManifest.xml:11:17-82
99            <meta-data
99-->[com.google.firebase:firebase-firestore:24.0.0] AndroidManifest.xml:20:13-22:85
100                android:name="com.google.firebase.components:com.google.firebase.firestore.FirestoreRegistrar"
100-->[com.google.firebase:firebase-firestore:24.0.0] AndroidManifest.xml:21:17-111
101                android:value="com.google.firebase.components.ComponentRegistrar" />
101-->[com.google.firebase:firebase-firestore:24.0.0] AndroidManifest.xml:22:17-82
102            <meta-data
102-->[com.google.firebase:firebase-storage:20.0.0] AndroidManifest.xml:33:13-35:85
103                android:name="com.google.firebase.components:com.google.firebase.storage.StorageRegistrar"
103-->[com.google.firebase:firebase-storage:20.0.0] AndroidManifest.xml:34:17-107
104                android:value="com.google.firebase.components.ComponentRegistrar" />
104-->[com.google.firebase:firebase-storage:20.0.0] AndroidManifest.xml:35:17-82
105        </service>
106
107        <provider
107-->[:image_picker] AndroidManifest.xml:8:9-16:20
108            android:name="io.flutter.plugins.imagepicker.ImagePickerFileProvider"
108-->[:image_picker] AndroidManifest.xml:9:13-82
109            android:authorities="com.lazycoder.si_unit_app.flutter.image_provider"
109-->[:image_picker] AndroidManifest.xml:10:13-74
110            android:exported="false"
110-->[:image_picker] AndroidManifest.xml:11:13-37
111            android:grantUriPermissions="true" >
111-->[:image_picker] AndroidManifest.xml:12:13-47
112            <meta-data
112-->[:image_picker] AndroidManifest.xml:13:13-15:75
113                android:name="android.support.FILE_PROVIDER_PATHS"
113-->[:image_picker] AndroidManifest.xml:14:17-67
114                android:resource="@xml/flutter_image_picker_file_paths" />
114-->[:image_picker] AndroidManifest.xml:15:17-72
115        </provider>
116
117        <meta-data
117-->[:google_mobile_ads] AndroidManifest.xml:10:9-12:36
118            android:name="io.flutter.embedded_views_preview"
118-->[:google_mobile_ads] AndroidManifest.xml:11:13-61
119            android:value="true" />
119-->[:google_mobile_ads] AndroidManifest.xml:12:13-33
120
121        <provider
121-->[com.google.firebase:firebase-common:20.0.0] AndroidManifest.xml:26:9-31:39
122            android:name="com.google.firebase.provider.FirebaseInitProvider"
122-->[com.google.firebase:firebase-common:20.0.0] AndroidManifest.xml:27:13-77
123            android:authorities="com.lazycoder.si_unit_app.firebaseinitprovider"
123-->[com.google.firebase:firebase-common:20.0.0] AndroidManifest.xml:28:13-72
124            android:directBootAware="true"
124-->[com.google.firebase:firebase-common:20.0.0] AndroidManifest.xml:29:13-43
125            android:exported="false"
125-->[com.google.firebase:firebase-common:20.0.0] AndroidManifest.xml:30:13-37
126            android:initOrder="100" /> <!-- Include the AdActivity and InAppPurchaseActivity configChanges and themes. -->
126-->[com.google.firebase:firebase-common:20.0.0] AndroidManifest.xml:31:13-36
127        <activity
127-->[com.google.android.gms:play-services-ads-lite:20.1.0] AndroidManifest.xml:48:9-52:64
128            android:name="com.google.android.gms.ads.AdActivity"
128-->[com.google.android.gms:play-services-ads-lite:20.1.0] AndroidManifest.xml:49:13-65
129            android:configChanges="keyboard|keyboardHidden|orientation|screenLayout|uiMode|screenSize|smallestScreenSize"
129-->[com.google.android.gms:play-services-ads-lite:20.1.0] AndroidManifest.xml:50:13-122
130            android:exported="false"
130-->[com.google.android.gms:play-services-ads-lite:20.1.0] AndroidManifest.xml:51:13-37
131            android:theme="@android:style/Theme.Translucent" />
131-->[com.google.android.gms:play-services-ads-lite:20.1.0] AndroidManifest.xml:52:13-61
132
133        <provider
133-->[com.google.android.gms:play-services-ads-lite:20.1.0] AndroidManifest.xml:54:9-58:39
134            android:name="com.google.android.gms.ads.MobileAdsInitProvider"
134-->[com.google.android.gms:play-services-ads-lite:20.1.0] AndroidManifest.xml:55:13-76
135            android:authorities="com.lazycoder.si_unit_app.mobileadsinitprovider"
135-->[com.google.android.gms:play-services-ads-lite:20.1.0] AndroidManifest.xml:56:13-73
136            android:exported="false"
136-->[com.google.android.gms:play-services-ads-lite:20.1.0] AndroidManifest.xml:57:13-37
137            android:initOrder="100" />
137-->[com.google.android.gms:play-services-ads-lite:20.1.0] AndroidManifest.xml:58:13-36
138
139        <service
139-->[com.google.android.gms:play-services-ads-lite:20.1.0] AndroidManifest.xml:60:9-63:40
140            android:name="com.google.android.gms.ads.AdService"
140-->[com.google.android.gms:play-services-ads-lite:20.1.0] AndroidManifest.xml:61:13-64
141            android:enabled="true"
141-->[com.google.android.gms:play-services-ads-lite:20.1.0] AndroidManifest.xml:62:13-35
142            android:exported="false" />
142-->[com.google.android.gms:play-services-ads-lite:20.1.0] AndroidManifest.xml:63:13-37
143
144        <activity
144-->[com.google.android.gms:play-services-base:17.1.0] AndroidManifest.xml:23:9-26:75
145            android:name="com.google.android.gms.common.api.GoogleApiActivity"
145-->[com.google.android.gms:play-services-base:17.1.0] AndroidManifest.xml:24:13-79
146            android:exported="false"
146-->[com.google.android.gms:play-services-base:17.1.0] AndroidManifest.xml:25:13-37
147            android:theme="@android:style/Theme.Translucent.NoTitleBar" />
147-->[com.google.android.gms:play-services-base:17.1.0] AndroidManifest.xml:26:13-72
148
149        <meta-data
149-->[com.google.android.gms:play-services-basement:17.6.0] AndroidManifest.xml:23:9-25:69
150            android:name="com.google.android.gms.version"
150-->[com.google.android.gms:play-services-basement:17.6.0] AndroidManifest.xml:24:13-58
151            android:value="@integer/google_play_services_version" />
151-->[com.google.android.gms:play-services-basement:17.6.0] AndroidManifest.xml:25:13-66
152
153        <provider
153-->[androidx.work:work-runtime:2.1.0] AndroidManifest.xml:30:9-36:35
154            android:name="androidx.work.impl.WorkManagerInitializer"
154-->[androidx.work:work-runtime:2.1.0] AndroidManifest.xml:31:13-69
155            android:authorities="com.lazycoder.si_unit_app.workmanager-init"
155-->[androidx.work:work-runtime:2.1.0] AndroidManifest.xml:32:13-68
156            android:directBootAware="false"
156-->[androidx.work:work-runtime:2.1.0] AndroidManifest.xml:33:13-44
157            android:exported="false"
157-->[androidx.work:work-runtime:2.1.0] AndroidManifest.xml:34:13-37
158            android:multiprocess="true" />
158-->[androidx.work:work-runtime:2.1.0] AndroidManifest.xml:35:13-40
159
160        <service
160-->[androidx.work:work-runtime:2.1.0] AndroidManifest.xml:38:9-43:35
161            android:name="androidx.work.impl.background.systemalarm.SystemAlarmService"
161-->[androidx.work:work-runtime:2.1.0] AndroidManifest.xml:39:13-88
162            android:directBootAware="false"
162-->[androidx.work:work-runtime:2.1.0] AndroidManifest.xml:40:13-44
163            android:enabled="@bool/enable_system_alarm_service_default"
163-->[androidx.work:work-runtime:2.1.0] AndroidManifest.xml:41:13-72
164            android:exported="false" />
164-->[androidx.work:work-runtime:2.1.0] AndroidManifest.xml:42:13-37
165        <service
165-->[androidx.work:work-runtime:2.1.0] AndroidManifest.xml:44:9-50:35
166            android:name="androidx.work.impl.background.systemjob.SystemJobService"
166-->[androidx.work:work-runtime:2.1.0] AndroidManifest.xml:45:13-84
167            android:directBootAware="false"
167-->[androidx.work:work-runtime:2.1.0] AndroidManifest.xml:46:13-44
168            android:enabled="@bool/enable_system_job_service_default"
168-->[androidx.work:work-runtime:2.1.0] AndroidManifest.xml:47:13-70
169            android:exported="true"
169-->[androidx.work:work-runtime:2.1.0] AndroidManifest.xml:48:13-36
170            android:permission="android.permission.BIND_JOB_SERVICE" />
170-->[androidx.work:work-runtime:2.1.0] AndroidManifest.xml:49:13-69
171
172        <receiver
172-->[androidx.work:work-runtime:2.1.0] AndroidManifest.xml:52:9-57:35
173            android:name="androidx.work.impl.utils.ForceStopRunnable$BroadcastReceiver"
173-->[androidx.work:work-runtime:2.1.0] AndroidManifest.xml:53:13-88
174            android:directBootAware="false"
174-->[androidx.work:work-runtime:2.1.0] AndroidManifest.xml:54:13-44
175            android:enabled="true"
175-->[androidx.work:work-runtime:2.1.0] AndroidManifest.xml:55:13-35
176            android:exported="false" />
176-->[androidx.work:work-runtime:2.1.0] AndroidManifest.xml:56:13-37
177        <receiver
177-->[androidx.work:work-runtime:2.1.0] AndroidManifest.xml:58:9-68:20
178            android:name="androidx.work.impl.background.systemalarm.ConstraintProxy$BatteryChargingProxy"
178-->[androidx.work:work-runtime:2.1.0] AndroidManifest.xml:59:13-106
179            android:directBootAware="false"
179-->[androidx.work:work-runtime:2.1.0] AndroidManifest.xml:60:13-44
180            android:enabled="false"
180-->[androidx.work:work-runtime:2.1.0] AndroidManifest.xml:61:13-36
181            android:exported="false" >
181-->[androidx.work:work-runtime:2.1.0] AndroidManifest.xml:62:13-37
182            <intent-filter>
182-->[androidx.work:work-runtime:2.1.0] AndroidManifest.xml:64:13-67:29
183                <action android:name="android.intent.action.ACTION_POWER_CONNECTED" />
183-->[androidx.work:work-runtime:2.1.0] AndroidManifest.xml:65:17-87
183-->[androidx.work:work-runtime:2.1.0] AndroidManifest.xml:65:25-84
184                <action android:name="android.intent.action.ACTION_POWER_DISCONNECTED" />
184-->[androidx.work:work-runtime:2.1.0] AndroidManifest.xml:66:17-90
184-->[androidx.work:work-runtime:2.1.0] AndroidManifest.xml:66:25-87
185            </intent-filter>
186        </receiver>
187        <receiver
187-->[androidx.work:work-runtime:2.1.0] AndroidManifest.xml:69:9-79:20
188            android:name="androidx.work.impl.background.systemalarm.ConstraintProxy$BatteryNotLowProxy"
188-->[androidx.work:work-runtime:2.1.0] AndroidManifest.xml:70:13-104
189            android:directBootAware="false"
189-->[androidx.work:work-runtime:2.1.0] AndroidManifest.xml:71:13-44
190            android:enabled="false"
190-->[androidx.work:work-runtime:2.1.0] AndroidManifest.xml:72:13-36
191            android:exported="false" >
191-->[androidx.work:work-runtime:2.1.0] AndroidManifest.xml:73:13-37
192            <intent-filter>
192-->[androidx.work:work-runtime:2.1.0] AndroidManifest.xml:75:13-78:29
193                <action android:name="android.intent.action.BATTERY_OKAY" />
193-->[androidx.work:work-runtime:2.1.0] AndroidManifest.xml:76:17-77
193-->[androidx.work:work-runtime:2.1.0] AndroidManifest.xml:76:25-74
194                <action android:name="android.intent.action.BATTERY_LOW" />
194-->[androidx.work:work-runtime:2.1.0] AndroidManifest.xml:77:17-76
194-->[androidx.work:work-runtime:2.1.0] AndroidManifest.xml:77:25-73
195            </intent-filter>
196        </receiver>
197        <receiver
197-->[androidx.work:work-runtime:2.1.0] AndroidManifest.xml:80:9-90:20
198            android:name="androidx.work.impl.background.systemalarm.ConstraintProxy$StorageNotLowProxy"
198-->[androidx.work:work-runtime:2.1.0] AndroidManifest.xml:81:13-104
199            android:directBootAware="false"
199-->[androidx.work:work-runtime:2.1.0] AndroidManifest.xml:82:13-44
200            android:enabled="false"
200-->[androidx.work:work-runtime:2.1.0] AndroidManifest.xml:83:13-36
201            android:exported="false" >
201-->[androidx.work:work-runtime:2.1.0] AndroidManifest.xml:84:13-37
202            <intent-filter>
202-->[androidx.work:work-runtime:2.1.0] AndroidManifest.xml:86:13-89:29
203                <action android:name="android.intent.action.DEVICE_STORAGE_LOW" />
203-->[androidx.work:work-runtime:2.1.0] AndroidManifest.xml:87:17-83
203-->[androidx.work:work-runtime:2.1.0] AndroidManifest.xml:87:25-80
204                <action android:name="android.intent.action.DEVICE_STORAGE_OK" />
204-->[androidx.work:work-runtime:2.1.0] AndroidManifest.xml:88:17-82
204-->[androidx.work:work-runtime:2.1.0] AndroidManifest.xml:88:25-79
205            </intent-filter>
206        </receiver>
207        <receiver
207-->[androidx.work:work-runtime:2.1.0] AndroidManifest.xml:91:9-100:20
208            android:name="androidx.work.impl.background.systemalarm.ConstraintProxy$NetworkStateProxy"
208-->[androidx.work:work-runtime:2.1.0] AndroidManifest.xml:92:13-103
209            android:directBootAware="false"
209-->[androidx.work:work-runtime:2.1.0] AndroidManifest.xml:93:13-44
210            android:enabled="false"
210-->[androidx.work:work-runtime:2.1.0] AndroidManifest.xml:94:13-36
211            android:exported="false" >
211-->[androidx.work:work-runtime:2.1.0] AndroidManifest.xml:95:13-37
212            <intent-filter>
212-->[androidx.work:work-runtime:2.1.0] AndroidManifest.xml:97:13-99:29
213                <action android:name="android.net.conn.CONNECTIVITY_CHANGE" />
213-->[androidx.work:work-runtime:2.1.0] AndroidManifest.xml:98:17-79
213-->[androidx.work:work-runtime:2.1.0] AndroidManifest.xml:98:25-76
214            </intent-filter>
215        </receiver>
216        <receiver
216-->[androidx.work:work-runtime:2.1.0] AndroidManifest.xml:101:9-112:20
217            android:name="androidx.work.impl.background.systemalarm.RescheduleReceiver"
217-->[androidx.work:work-runtime:2.1.0] AndroidManifest.xml:102:13-88
218            android:directBootAware="false"
218-->[androidx.work:work-runtime:2.1.0] AndroidManifest.xml:103:13-44
219            android:enabled="false"
219-->[androidx.work:work-runtime:2.1.0] AndroidManifest.xml:104:13-36
220            android:exported="false" >
220-->[androidx.work:work-runtime:2.1.0] AndroidManifest.xml:105:13-37
221            <intent-filter>
221-->[androidx.work:work-runtime:2.1.0] AndroidManifest.xml:107:13-111:29
222                <action android:name="android.intent.action.BOOT_COMPLETED" />
222-->[androidx.work:work-runtime:2.1.0] AndroidManifest.xml:108:17-79
222-->[androidx.work:work-runtime:2.1.0] AndroidManifest.xml:108:25-76
223                <action android:name="android.intent.action.TIME_SET" />
223-->[androidx.work:work-runtime:2.1.0] AndroidManifest.xml:109:17-73
223-->[androidx.work:work-runtime:2.1.0] AndroidManifest.xml:109:25-70
224                <action android:name="android.intent.action.TIMEZONE_CHANGED" />
224-->[androidx.work:work-runtime:2.1.0] AndroidManifest.xml:110:17-81
224-->[androidx.work:work-runtime:2.1.0] AndroidManifest.xml:110:25-78
225            </intent-filter>
226        </receiver>
227        <receiver
227-->[androidx.work:work-runtime:2.1.0] AndroidManifest.xml:113:9-122:20
228            android:name="androidx.work.impl.background.systemalarm.ConstraintProxyUpdateReceiver"
228-->[androidx.work:work-runtime:2.1.0] AndroidManifest.xml:114:13-99
229            android:directBootAware="false"
229-->[androidx.work:work-runtime:2.1.0] AndroidManifest.xml:115:13-44
230            android:enabled="@bool/enable_system_alarm_service_default"
230-->[androidx.work:work-runtime:2.1.0] AndroidManifest.xml:116:13-72
231            android:exported="false" >
231-->[androidx.work:work-runtime:2.1.0] AndroidManifest.xml:117:13-37
232            <intent-filter>
232-->[androidx.work:work-runtime:2.1.0] AndroidManifest.xml:119:13-121:29
233                <action android:name="androidx.work.impl.background.systemalarm.UpdateProxies" />
233-->[androidx.work:work-runtime:2.1.0] AndroidManifest.xml:120:17-98
233-->[androidx.work:work-runtime:2.1.0] AndroidManifest.xml:120:25-95
234            </intent-filter>
235        </receiver>
236
237        <service
237-->[androidx.room:room-runtime:2.1.0] AndroidManifest.xml:25:9-27:40
238            android:name="androidx.room.MultiInstanceInvalidationService"
238-->[androidx.room:room-runtime:2.1.0] AndroidManifest.xml:26:13-74
239            android:exported="false" />
239-->[androidx.room:room-runtime:2.1.0] AndroidManifest.xml:27:13-37
240    </application>
241
242</manifest>